<?xml version="1.0" encoding="UTF-8"?>
<!-- Generated by org.testng.reporters.JUnitXMLReporter -->
<testsuite ignored="0" hostname="LAP-SHUBHAMS-PHP" failures="4" tests="5" name="Test" time="17.904" errors="0" timestamp="2026-04-03T12:30:54 IST">
  <testcase classname="Dummy_API_Test_Cases.TC_01_Get_emp" name="testGetAllEmployees" time="4.055"/>
  <testcase classname="Dummy_API_Test_Cases.TC_02_Get_Specific_emp" name="testGetSpecificEmployee" time="1.252">
    <failure type="java.lang.AssertionError" message="1 expectation failed.
Expected status code &amp;lt;200&amp;gt; but was &amp;lt;429&amp;gt;.
">
      <![CDATA[java.lang.AssertionError: 1 expectation failed.
Expected status code <200> but was <429>.

at org.codehaus.groovy.runtime.callsite.ConstructorSite$ConstructorSiteNoUnwrapNoCoerce.callConstructor(ConstructorSite.java:108)
at org.codehaus.groovy.runtime.callsite.CallSiteArray.defaultCallConstructor(CallSiteArray.java:57)
at org.codehaus.groovy.runtime.callsite.AbstractCallSite.callConstructor(AbstractCallSite.java:263)
at org.codehaus.groovy.runtime.callsite.AbstractCallSite.callConstructor(AbstractCallSite.java:277)
at io.restassured.internal.ResponseSpecificationImpl$HamcrestAssertionClosure.validate(ResponseSpecificationImpl.groovy:512)
at io.restassured.internal.ResponseSpecificationImpl$HamcrestAssertionClosure$validate$1.call(Unknown Source)
at io.restassured.internal.ResponseSpecificationImpl.validateResponseIfRequired(ResponseSpecificationImpl.groovy:696)
at io.restassured.internal.ResponseSpecificationImpl.this$2$validateResponseIfRequired(ResponseSpecificationImpl.groovy)
at org.codehaus.groovy.runtime.callsite.PlainObjectMetaMethodSite.doInvoke(PlainObjectMetaMethodSite.java:43)
at org.codehaus.groovy.runtime.callsite.PogoMetaMethodSite$PogoCachedMethodSiteNoUnwrapNoCoerce.invoke(PogoMetaMethodSite.java:198)
at org.codehaus.groovy.runtime.callsite.PogoMetaMethodSite.callCurrent(PogoMetaMethodSite.java:62)
at org.codehaus.groovy.runtime.callsite.AbstractCallSite.callCurrent(AbstractCallSite.java:185)
at io.restassured.internal.ResponseSpecificationImpl.statusCode(ResponseSpecificationImpl.groovy:135)
at io.restassured.specification.ResponseSpecification$statusCode$0.callCurrent(Unknown Source)
at io.restassured.internal.ResponseSpecificationImpl.statusCode(ResponseSpecificationImpl.groovy:143)
at io.restassured.internal.ValidatableResponseOptionsImpl.statusCode(ValidatableResponseOptionsImpl.java:89)
at Dummy_API_Test_Cases.TC_02_Get_Specific_emp.testGetSpecificEmployee(TC_02_Get_Specific_emp.java:29)
at java.base/java.util.ArrayList.forEach(ArrayList.java:1511)
... Removed 41 stack frames]]>
    </failure>
  </testcase> <!-- testGetSpecificEmployee -->
  <testcase classname="Dummy_API_Test_Cases.TC_03_04_05_Create_Update_Delete_emp" name="testCreateEmployee" time="12.186">
    <failure type="java.lang.AssertionError" message="Create API failed after retries">
      <![CDATA[java.lang.AssertionError: Create API failed after retries
at Dummy_API_Test_Cases.TC_03_04_05_Create_Update_Delete_emp.sendCreateRequestWithRetry(TC_03_04_05_Create_Update_Delete_emp.java:119)
at Dummy_API_Test_Cases.TC_03_04_05_Create_Update_Delete_emp.testCreateEmployee(TC_03_04_05_Create_Update_Delete_emp.java:39)
at java.base/java.util.ArrayList.forEach(ArrayList.java:1511)
... Removed 32 stack frames]]>
    </failure>
  </testcase> <!-- testCreateEmployee -->
  <testcase classname="Dummy_API_Test_Cases.TC_03_04_05_Create_Update_Delete_emp" name="testUpdateEmployee" time="0.001">
    <failure type="java.lang.AssertionError" message="Employee ID not created.">
      <![CDATA[java.lang.AssertionError: Employee ID not created.
at Dummy_API_Test_Cases.TC_03_04_05_Create_Update_Delete_emp.testUpdateEmployee(TC_03_04_05_Create_Update_Delete_emp.java:57)
at java.base/java.util.ArrayList.forEach(ArrayList.java:1511)
... Removed 32 stack frames]]>
    </failure>
  </testcase> <!-- testUpdateEmployee -->
  <testcase classname="Dummy_API_Test_Cases.TC_03_04_05_Create_Update_Delete_emp" name="testDeleteEmployee" time="0.001">
    <failure type="java.lang.AssertionError" message="Employee ID not available for deletion.">
      <![CDATA[java.lang.AssertionError: Employee ID not available for deletion.
at Dummy_API_Test_Cases.TC_03_04_05_Create_Update_Delete_emp.testDeleteEmployee(TC_03_04_05_Create_Update_Delete_emp.java:85)
at java.base/java.util.ArrayList.forEach(ArrayList.java:1511)
... Removed 32 stack frames]]>
    </failure>
  </testcase> <!-- testDeleteEmployee -->
</testsuite> <!-- Test -->
