<?xml version="1.0" encoding="UTF-8"?>
<testsuite xmlns:xsi="http://www.w3.org/2001/XMLSchema-instance" xsi:noNamespaceSchemaLocation="https://maven.apache.org/surefire/maven-surefire-plugin/xsd/surefire-test-report.xsd" name="TestSuite" time="18.594" tests="5" errors="0" skipped="0" failures="4">
  <properties>
[...]
</properties>
  <testcase name="testGetAllEmployees" classname="Dummy_API_Test_Cases.TC_01_Get_emp" time="4.057"/>
  <testcase name="testGetSpecificEmployee" classname="Dummy_API_Test_Cases.TC_02_Get_Specific_emp" time="1.255">
    <failure message="1 expectation failed.&#10;Expected status code &lt;200&gt; but was &lt;429&gt;.&#10;" type="java.lang.AssertionError"><![CDATA[java.lang.AssertionError: 
1 expectation failed.
Expected status code <200> but was <429>.

	at Dummy_API_Test_Cases.TC_02_Get_Specific_emp.testGetSpecificEmployee(TC_02_Get_Specific_emp.java:29)
]]></failure>
  </testcase>
  <testcase name="testCreateEmployee" classname="Dummy_API_Test_Cases.TC_03_04_05_Create_Update_Delete_emp" time="12.186">
    <failure message="Create API failed after retries" type="java.lang.AssertionError">java.lang.AssertionError: Create API failed after retries
	at Dummy_API_Test_Cases.TC_03_04_05_Create_Update_Delete_emp.sendCreateRequestWithRetry(TC_03_04_05_Create_Update_Delete_emp.java:119)
	at Dummy_API_Test_Cases.TC_03_04_05_Create_Update_Delete_emp.testCreateEmployee(TC_03_04_05_Create_Update_Delete_emp.java:39)
</failure>
    <system-out><![CDATA[Retrying Create... Attempt: 1
Retrying Create... Attempt: 2
Retrying Create... Attempt: 3
]]></system-out>
  </testcase>
  <testcase name="testUpdateEmployee" classname="Dummy_API_Test_Cases.TC_03_04_05_Create_Update_Delete_emp" time="0">
    <failure message="Employee ID not created." type="java.lang.AssertionError">java.lang.AssertionError: Employee ID not created.
	at Dummy_API_Test_Cases.TC_03_04_05_Create_Update_Delete_emp.testUpdateEmployee(TC_03_04_05_Create_Update_Delete_emp.java:57)
</failure>
  </testcase>
  <testcase name="testDeleteEmployee" classname="Dummy_API_Test_Cases.TC_03_04_05_Create_Update_Delete_emp" time="0.001">
    <failure message="Employee ID not available for deletion." type="java.lang.AssertionError">java.lang.AssertionError: Employee ID not available for deletion.
	at Dummy_API_Test_Cases.TC_03_04_05_Create_Update_Delete_emp.testDeleteEmployee(TC_03_04_05_Create_Update_Delete_emp.java:85)
</failure>
  </testcase>
</testsuite>